 gcccore/11.2.0 loaded.
 zlib/1.2.11-gcccore-11.2.0 loaded.
 binutils/2.37-gcccore-11.2.0 loaded.
 gcc/11.2.0 loaded.
 numactl/2.0.14-gcccore-11.2.0 loaded.
 xz/5.2.5-gcccore-11.2.0 loaded.
 libxml2/2.9.10-gcccore-11.2.0 loaded.
 libpciaccess/0.16-gcccore-11.2.0 loaded.
 hwloc/2.5.0-gcccore-11.2.0 loaded.
 openssl/1.1 loaded.
 libevent/2.1.12-gcccore-11.2.0 loaded.
 ucx/1.11.2-gcccore-11.2.0 loaded.
 libfabric/1.13.2-gcccore-11.2.0 loaded.
 pmix/4.1.0-gcccore-11.2.0 loaded.
 openmpi/4.1.1-gcc-11.2.0 loaded.
 openblas/0.3.17-gcc-11.2.0 loaded.
 flexiblas/3.0.4-gcc-11.2.0 loaded.
 gompi/2021b loaded.
 fftw/3.3.10-gompi-2021b loaded.
 scalapack/2.1.0-gompi-2021b-fb loaded.
 foss/2021b loaded.
 bzip2/1.0.8-gcccore-11.2.0 loaded.
 expat/2.4.1-gcccore-11.2.0 loaded.
 libpng/1.6.37-gcccore-11.2.0 loaded.
 brotli/1.0.9-gcccore-11.2.0 loaded.
 freetype/2.11.0-gcccore-11.2.0 loaded.
 ncurses/6.2-gcccore-11.2.0 loaded.
 util-linux/2.37-gcccore-11.2.0 loaded.
 fontconfig/2.13.94-gcccore-11.2.0 loaded.
 xorg-macros/1.19.3-gcccore-11.2.0 loaded.
 x11/20210802-gcccore-11.2.0 loaded.
 gzip/1.10-gcccore-11.2.0 loaded.
 lz4/1.9.3-gcccore-11.2.0 loaded.
 zstd/1.5.0-gcccore-11.2.0 loaded.
 libdrm/2.4.107-gcccore-11.2.0 loaded.
 libglvnd/1.3.3-gcccore-11.2.0 loaded.
 libunwind/1.5.0-gcccore-11.2.0 loaded.
 llvm/12.0.1-gcccore-11.2.0 loaded.
 mesa/21.1.7-gcccore-11.2.0 loaded.
 libglu/9.0.2-gcccore-11.2.0 loaded.
 pixman/0.40.0-gcccore-11.2.0 loaded.
 libffi/3.4.2-gcccore-11.2.0 loaded.
 gettext/0.21-gcccore-11.2.0 loaded.
 pcre/8.45-gcccore-11.2.0 loaded.
 glib/2.69.1-gcccore-11.2.0 loaded.
 cairo/1.16.0-gcccore-11.2.0 loaded.
 libreadline/8.1-gcccore-11.2.0 loaded.
 tcl/8.6.11-gcccore-11.2.0 loaded.
 sqlite/3.36-gcccore-11.2.0 loaded.
 pcre2/10.37-gcccore-11.2.0 loaded.
 nasm/2.15.05-gcccore-11.2.0 loaded.
 libjpeg-turbo/2.0.6-gcccore-11.2.0 loaded.
 jbigkit/2.1-gcccore-11.2.0 loaded.
 libtiff/4.3.0-gcccore-11.2.0 loaded.
 java/11.0.2 loaded.
 tk/8.6.11-gcccore-11.2.0 loaded.
 curl/7.78.0-gcccore-11.2.0 loaded.
 gmp/6.2.1-gcccore-11.2.0 loaded.
 nlopt/2.7.0-gcccore-11.2.0 loaded.
 libogg/1.3.5-gcccore-11.2.0 loaded.
 flac/1.3.3-gcccore-11.2.0 loaded.
 libvorbis/1.3.7-gcccore-11.2.0 loaded.
 libsndfile/1.0.31-gcccore-11.2.0 loaded.
 icu/69.1-gcccore-11.2.0 loaded.
 szip/2.1.1-gcccore-11.2.0 loaded.
 hdf5/1.12.1-gompi-2021b loaded.
 udunits/2.2.28-gcccore-11.2.0 loaded.
 gsl/2.7-gcc-11.2.0 loaded.
 ghostscript/9.54.0-gcccore-11.2.0 loaded.
 jasper/2.0.33-gcccore-11.2.0 loaded.
 littlecms/2.12-gcccore-11.2.0 loaded.
 imagemagick/7.1.0-4-gcccore-11.2.0 loaded.
 glpk/5.0-gcccore-11.2.0 loaded.
 nodejs/14.17.6-gcccore-11.2.0 loaded.
 python/3.9.6-gcccore-11.2.0 loaded.
 netcdf/4.8.1-gompi-2021b loaded.
 geos/3.9.1-gcc-11.2.0 loaded.
 proj/8.1.0-gcccore-11.2.0 loaded.
 libgeotiff/1.7.0-gcccore-11.2.0 loaded.
 pybind11/2.7.1-gcccore-11.2.0 loaded.
 scipy-bundle/2021.10-foss-2021b loaded.
 libtirpc/1.3.2-gcccore-11.2.0 loaded.
 hdf/4.2.15-gcccore-11.2.0 loaded.
 openjpeg/2.4.0-gcccore-11.2.0 loaded.
 boost/1.77.0-gcc-11.2.0 loaded.
 gdal/3.3.2-foss-2021b loaded.
 mpfr/4.1.0-gcccore-11.2.0 loaded.
 libgit2/1.1.1-gcccore-11.2.0 loaded.
 r/4.2.0-foss-2021b loaded.
 python/3.9.6-gcccore-11.2.0 unloaded.
 python/3.9.6-gcccore-11.2.0 loaded.
Defaulting to user installation because normal site-packages is not writeable
Requirement already satisfied: finta in /net/people/plgrid/plgosimon/.local/lib/python3.9/site-packages (1.3)
Requirement already satisfied: pandas in /net/software/testing/software/SciPy-bundle/2021.10-foss-2021b/lib/python3.9/site-packages (from finta) (1.3.4)
Requirement already satisfied: numpy in /net/software/testing/software/SciPy-bundle/2021.10-foss-2021b/lib/python3.9/site-packages (from finta) (1.21.3)
Requirement already satisfied: python-dateutil>=2.7.3 in /net/software/testing/software/Python/3.9.6-GCCcore-11.2.0/lib/python3.9/site-packages (from pandas->finta) (2.8.2)
Requirement already satisfied: pytz>=2017.3 in /net/software/testing/software/Python/3.9.6-GCCcore-11.2.0/lib/python3.9/site-packages (from pandas->finta) (2021.1)
Requirement already satisfied: six>=1.5 in /net/software/testing/software/Python/3.9.6-GCCcore-11.2.0/lib/python3.9/site-packages (from python-dateutil>=2.7.3->pandas->finta) (1.15.0)
WARNING: You are using pip version 21.2.2; however, version 24.0 is available.
You should consider upgrading via the '/net/software/testing/software/Python/3.9.6-GCCcore-11.2.0/bin/python3.9 -m pip install --upgrade pip' command.
Defaulting to user installation because normal site-packages is not writeable
Requirement already satisfied: cma in /net/people/plgrid/plgosimon/.local/lib/python3.9/site-packages (3.3.0)
Requirement already satisfied: numpy in /net/software/testing/software/SciPy-bundle/2021.10-foss-2021b/lib/python3.9/site-packages (from cma) (1.21.3)
WARNING: You are using pip version 21.2.2; however, version 24.0 is available.
You should consider upgrading via the '/net/software/testing/software/Python/3.9.6-GCCcore-11.2.0/bin/python3.9 -m pip install --upgrade pip' command.
#------------------------------------------------------------------------------
# irace: An implementation in R of (Elitist) Iterated Racing
# Version: 3.5.6863679
# Copyright (C) 2010-2020
# Manuel Lopez-Ibanez     <manuel.lopez-ibanez@manchester.ac.uk>
# Jeremie Dubois-Lacoste  
# Leslie Perez Caceres    <leslie.perez.caceres@ulb.ac.be>
#
# This is free software, and you are welcome to redistribute it under certain
# conditions.  See the GNU General Public License for details. There is NO
# WARRANTY; not even for MERCHANTABILITY or FITNESS FOR A PARTICULAR PURPOSE.
#
# irace builds upon previous code from the race package:
#     race: Racing methods for the selection of the best
#     Copyright (C) 2003 Mauro Birattari
#------------------------------------------------------------------------------
# installed at: /net/software/testing/software/R/4.2.0-foss-2021b/lib64/R/library/irace
# called with: 
== irace == WARNING: A default scenario file '/net/people/plgrid/plgosimon/inteligencja_obliczeniowa/Stock-Value-Prediction/irace/scenario.txt' has been found and will be read.
# 2024-05-06 19:34:46 CEST: Initialization
# Elitist race
# Elitist new instances: 1
# Elitist limit: 2
# nbIterations: 5
# minNbSurvival: 5
# nbParameters: 8
# seed: 2000189956
# confidence level: 0.95
# budget: 300
# mu: 5
# deterministic: FALSE

# 2024-05-06 19:34:46 CEST: Iteration 1 of 5
# experimentsUsedSoFar: 0
# remainingBudget: 300
# currentBudget: 60
# nbConfigurations: 10
# Markers:
     x No test is performed.
     c Configurations are discarded only due to capping.
     - The test is performed and some configurations are discarded.
     = The test is performed but no configuration is discarded.
     ! The test is performed and configurations could be discarded but elite configurations are preserved.
     . All alive configurations are elite and nothing is discarded

+-+-----------+-----------+-----------+----------------+-----------+--------+-----+----+------+
| |   Instance|      Alive|       Best|       Mean best| Exp so far|  W time|  rho|KenW|  Qvar|
+-+-----------+-----------+-----------+----------------+-----------+--------+-----+----+------+
|x|          1|         10|          3|    -1026203.666|         10|00:01:24|   NA|  NA|    NA|
|x|          2|         10|          3|    -1024669.611|         20|00:01:22|+0.81|0.91|0.0440|
|x|          3|         10|          3|    -1024158.259|         30|00:01:19|+0.86|0.90|0.0359|
|x|          4|         10|          3|    -1023902.583|         40|00:01:20|+0.88|0.91|0.0274|
|-|          5|          6|          3|    -1023749.178|         50|00:01:19|+0.00|0.20|0.1667|
|=|          6|          6|          3|    -1023646.907|         56|00:00:50|+0.00|0.17|0.1389|
+-+-----------+-----------+-----------+----------------+-----------+--------+-----+----+------+
Best-so-far configuration:           3    mean value:     -1023646.907
Description of the best-so-far configuration:
  .ID. CMA_active_injected CMA_cmean  CMA_on CMA_rankmu CMA_rankone CSA_dampfac popsize    sigma .PARENT.
3    3             -3.6204    7.0874 -7.9744     0.1638      0.4458       5.252     187 447.3975       NA

# 2024-05-06 19:42:24 CEST: Elite configurations (first number is the configuration ID; listed from best to worst according to the sum of ranks):
  CMA_active_injected CMA_cmean  CMA_on CMA_rankmu CMA_rankone CSA_dampfac popsize    sigma
3             -3.6204    7.0874 -7.9744     0.1638      0.4458      5.2520     187 447.3975
2             -8.1918    6.4602  3.3298     0.1209      0.6349      7.4959     887  50.4552
5              7.8360    4.9147 -7.6525     0.5746      0.7214      2.6028     323  83.6289
6             -6.1467    8.1020 -9.2465     0.0072      0.5104      8.1970     553  76.9707
8             -5.1279    5.5206  1.4656     0.4391      0.0247      7.9463     358 386.1857
# 2024-05-06 19:42:24 CEST: Iteration 2 of 5
# experimentsUsedSoFar: 56
# remainingBudget: 244
# currentBudget: 61
# nbConfigurations: 13
# Markers:
     x No test is performed.
     c Configurations are discarded only due to capping.
     - The test is performed and some configurations are discarded.
     = The test is performed but no configuration is discarded.
     ! The test is performed and configurations could be discarded but elite configurations are preserved.
     . All alive configurations are elite and nothing is discarded

+-+-----------+-----------+-----------+----------------+-----------+--------+-----+----+------+
| |   Instance|      Alive|       Best|       Mean best| Exp so far|  W time|  rho|KenW|  Qvar|
+-+-----------+-----------+-----------+----------------+-----------+--------+-----+----+------+
|x|          7|         13|          3|    -1023135.556|         13|00:01:38|   NA|  NA|    NA|
|x|          2|         13|          3|    -1023135.556|         21|00:01:01|+1.00|1.00|0.0206|
|x|          4|         13|          3|    -1023135.556|         29|00:01:02|+1.00|1.00|0.0130|
|x|          3|         13|          3|    -1023135.556|         37|00:01:01|+1.00|1.00|0.0118|
|-|          1|         11|          3|    -1023749.178|         45|00:01:01|+0.00|0.20|0.1818|
|=|          5|         11|          3|    -1023646.907|         51|00:00:45|+0.00|0.17|0.1515|
|=|          6|         11|          3|    -1023573.857|         57|00:00:46|+0.00|0.14|0.1299|
+-+-----------+-----------+-----------+----------------+-----------+--------+-----+----+------+
Best-so-far configuration:           3    mean value:     -1023573.857
Description of the best-so-far configuration:
  .ID. CMA_active_injected CMA_cmean  CMA_on CMA_rankmu CMA_rankone CSA_dampfac popsize    sigma .PARENT.
3    3             -3.6204    7.0874 -7.9744     0.1638      0.4458       5.252     187 447.3975       NA

# 2024-05-06 19:49:42 CEST: Elite configurations (first number is the configuration ID; listed from best to worst according to the sum of ranks):
  CMA_active_injected CMA_cmean  CMA_on CMA_rankmu CMA_rankone CSA_dampfac popsize    sigma
3             -3.6204    7.0874 -7.9744     0.1638      0.4458      5.2520     187 447.3975
2             -8.1918    6.4602  3.3298     0.1209      0.6349      7.4959     887  50.4552
5              7.8360    4.9147 -7.6525     0.5746      0.7214      2.6028     323  83.6289
6             -6.1467    8.1020 -9.2465     0.0072      0.5104      8.1970     553  76.9707
8             -5.1279    5.5206  1.4656     0.4391      0.0247      7.9463     358 386.1857
# 2024-05-06 19:49:42 CEST: Iteration 3 of 5
# experimentsUsedSoFar: 113
# remainingBudget: 187
# currentBudget: 62
# nbConfigurations: 12
# Markers:
     x No test is performed.
     c Configurations are discarded only due to capping.
     - The test is performed and some configurations are discarded.
     = The test is performed but no configuration is discarded.
     ! The test is performed and configurations could be discarded but elite configurations are preserved.
     . All alive configurations are elite and nothing is discarded

+-+-----------+-----------+-----------+----------------+-----------+--------+-----+----+------+
| |   Instance|      Alive|       Best|       Mean best| Exp so far|  W time|  rho|KenW|  Qvar|
+-+-----------+-----------+-----------+----------------+-----------+--------+-----+----+------+
|x|          8|         12|         25|    -1023619.341|         12|00:01:35|   NA|  NA|    NA|
|x|          7|         12|         25|    -1023566.074|         19|00:00:58|+1.00|1.00|0.0185|
|x|          3|         12|         25|    -1023627.705|         26|00:00:57|+1.00|1.00|0.0441|
|x|          2|         12|         25|    -1022810.343|         33|00:00:57|+0.55|0.66|0.2375|
slurmstepd: error: *** JOB 9128893 ON ac0787 CANCELLED AT 2024-05-06T19:54:34 DUE TO TIME LIMIT ***
