 gcccore/11.2.0 loaded.
 zlib/1.2.11-gcccore-11.2.0 loaded.
 binutils/2.37-gcccore-11.2.0 loaded.
 gcc/11.2.0 loaded.
 numactl/2.0.14-gcccore-11.2.0 loaded.
 xz/5.2.5-gcccore-11.2.0 loaded.
 libxml2/2.9.10-gcccore-11.2.0 loaded.
 libpciaccess/0.16-gcccore-11.2.0 loaded.
 hwloc/2.5.0-gcccore-11.2.0 loaded.
 openssl/1.1 loaded.
 libevent/2.1.12-gcccore-11.2.0 loaded.
 ucx/1.11.2-gcccore-11.2.0 loaded.
 libfabric/1.13.2-gcccore-11.2.0 loaded.
 pmix/4.1.0-gcccore-11.2.0 loaded.
 openmpi/4.1.1-gcc-11.2.0 loaded.
 openblas/0.3.17-gcc-11.2.0 loaded.
 flexiblas/3.0.4-gcc-11.2.0 loaded.
 gompi/2021b loaded.
 fftw/3.3.10-gompi-2021b loaded.
 scalapack/2.1.0-gompi-2021b-fb loaded.
 foss/2021b loaded.
 bzip2/1.0.8-gcccore-11.2.0 loaded.
 expat/2.4.1-gcccore-11.2.0 loaded.
 libpng/1.6.37-gcccore-11.2.0 loaded.
 brotli/1.0.9-gcccore-11.2.0 loaded.
 freetype/2.11.0-gcccore-11.2.0 loaded.
 ncurses/6.2-gcccore-11.2.0 loaded.
 util-linux/2.37-gcccore-11.2.0 loaded.
 fontconfig/2.13.94-gcccore-11.2.0 loaded.
 xorg-macros/1.19.3-gcccore-11.2.0 loaded.
 x11/20210802-gcccore-11.2.0 loaded.
 gzip/1.10-gcccore-11.2.0 loaded.
 lz4/1.9.3-gcccore-11.2.0 loaded.
 zstd/1.5.0-gcccore-11.2.0 loaded.
 libdrm/2.4.107-gcccore-11.2.0 loaded.
 libglvnd/1.3.3-gcccore-11.2.0 loaded.
 libunwind/1.5.0-gcccore-11.2.0 loaded.
 llvm/12.0.1-gcccore-11.2.0 loaded.
 mesa/21.1.7-gcccore-11.2.0 loaded.
 libglu/9.0.2-gcccore-11.2.0 loaded.
 pixman/0.40.0-gcccore-11.2.0 loaded.
 libffi/3.4.2-gcccore-11.2.0 loaded.
 gettext/0.21-gcccore-11.2.0 loaded.
 pcre/8.45-gcccore-11.2.0 loaded.
 glib/2.69.1-gcccore-11.2.0 loaded.
 cairo/1.16.0-gcccore-11.2.0 loaded.
 libreadline/8.1-gcccore-11.2.0 loaded.
 tcl/8.6.11-gcccore-11.2.0 loaded.
 sqlite/3.36-gcccore-11.2.0 loaded.
 pcre2/10.37-gcccore-11.2.0 loaded.
 nasm/2.15.05-gcccore-11.2.0 loaded.
 libjpeg-turbo/2.0.6-gcccore-11.2.0 loaded.
 jbigkit/2.1-gcccore-11.2.0 loaded.
 libtiff/4.3.0-gcccore-11.2.0 loaded.
 java/11.0.2 loaded.
 tk/8.6.11-gcccore-11.2.0 loaded.
 curl/7.78.0-gcccore-11.2.0 loaded.
 gmp/6.2.1-gcccore-11.2.0 loaded.
 nlopt/2.7.0-gcccore-11.2.0 loaded.
 libogg/1.3.5-gcccore-11.2.0 loaded.
 flac/1.3.3-gcccore-11.2.0 loaded.
 libvorbis/1.3.7-gcccore-11.2.0 loaded.
 libsndfile/1.0.31-gcccore-11.2.0 loaded.
 icu/69.1-gcccore-11.2.0 loaded.
 szip/2.1.1-gcccore-11.2.0 loaded.
 hdf5/1.12.1-gompi-2021b loaded.
 udunits/2.2.28-gcccore-11.2.0 loaded.
 gsl/2.7-gcc-11.2.0 loaded.
 ghostscript/9.54.0-gcccore-11.2.0 loaded.
 jasper/2.0.33-gcccore-11.2.0 loaded.
 littlecms/2.12-gcccore-11.2.0 loaded.
 imagemagick/7.1.0-4-gcccore-11.2.0 loaded.
 glpk/5.0-gcccore-11.2.0 loaded.
 nodejs/14.17.6-gcccore-11.2.0 loaded.
 python/3.9.6-gcccore-11.2.0 loaded.
 netcdf/4.8.1-gompi-2021b loaded.
 geos/3.9.1-gcc-11.2.0 loaded.
 proj/8.1.0-gcccore-11.2.0 loaded.
 libgeotiff/1.7.0-gcccore-11.2.0 loaded.
 pybind11/2.7.1-gcccore-11.2.0 loaded.
 scipy-bundle/2021.10-foss-2021b loaded.
 libtirpc/1.3.2-gcccore-11.2.0 loaded.
 hdf/4.2.15-gcccore-11.2.0 loaded.
 openjpeg/2.4.0-gcccore-11.2.0 loaded.
 boost/1.77.0-gcc-11.2.0 loaded.
 gdal/3.3.2-foss-2021b loaded.
 mpfr/4.1.0-gcccore-11.2.0 loaded.
 libgit2/1.1.1-gcccore-11.2.0 loaded.
 r/4.2.0-foss-2021b loaded.
 python/3.9.6-gcccore-11.2.0 unloaded.
 python/3.9.6-gcccore-11.2.0 loaded.
#------------------------------------------------------------------------------
# irace: An implementation in R of (Elitist) Iterated Racing
# Version: 3.5.6863679
# Copyright (C) 2010-2020
# Manuel Lopez-Ibanez     <manuel.lopez-ibanez@manchester.ac.uk>
# Jeremie Dubois-Lacoste  
# Leslie Perez Caceres    <leslie.perez.caceres@ulb.ac.be>
#
# This is free software, and you are welcome to redistribute it under certain
# conditions.  See the GNU General Public License for details. There is NO
# WARRANTY; not even for MERCHANTABILITY or FITNESS FOR A PARTICULAR PURPOSE.
#
# irace builds upon previous code from the race package:
#     race: Racing methods for the selection of the best
#     Copyright (C) 2003 Mauro Birattari
#------------------------------------------------------------------------------
# installed at: /net/software/testing/software/R/4.2.0-foss-2021b/lib64/R/library/irace
# called with: 
== irace == WARNING: A default scenario file '/net/people/plgrid/plgosimon/inteligencja_obliczeniowa/Stock-Value-Prediction/irace/scenario.txt' has been found and will be read.
# 2024-05-13 14:43:41 CEST: Initialization
# Elitist race
# Elitist new instances: 1
# Elitist limit: 2
# nbIterations: 5
# minNbSurvival: 5
# nbParameters: 8
# seed: 1523698460
# confidence level: 0.95
# budget: 300
# mu: 5
# deterministic: FALSE

# 2024-05-13 14:43:41 CEST: Iteration 1 of 5
# experimentsUsedSoFar: 0
# remainingBudget: 300
# currentBudget: 60
# nbConfigurations: 10
# Markers:
     x No test is performed.
     c Configurations are discarded only due to capping.
     - The test is performed and some configurations are discarded.
     = The test is performed but no configuration is discarded.
     ! The test is performed and configurations could be discarded but elite configurations are preserved.
     . All alive configurations are elite and nothing is discarded

+-+-----------+-----------+-----------+----------------+-----------+--------+-----+----+------+
| |   Instance|      Alive|       Best|       Mean best| Exp so far|  W time|  rho|KenW|  Qvar|
+-+-----------+-----------+-----------+----------------+-----------+--------+-----+----+------+
Error: == irace == running command ''/net/people/plgrid/plgosimon/inteligencja_obliczeniowa/Stock-Value-Prediction/irace/target-runner' 4 7 36998061 /net/people/plgrid/plgosimon/inteligencja_obliczeniowa/Stock-Value-Prediction/irace/Instances/usd_pln.csv   --CMA_active_injected 793.6385 --CMA_cmean 2.9536 --CMA_on 966.9337 --CMA_rankmu 0.5178 --CMA_rankone 0.4887 --CSA_dampfac 500.9375 --popsize 985 --sigma 899772965.4495 2>&1' had status 1
== irace == The call to targetRunner was:
/net/people/plgrid/plgosimon/inteligencja_obliczeniowa/Stock-Value-Prediction/irace/target-runner 4 7 36998061 /net/people/plgrid/plgosimon/inteligencja_obliczeniowa/Stock-Value-Prediction/irace/Instances/usd_pln.csv   --CMA_active_injected 793.6385 --CMA_cmean 2.9536 --CMA_on 966.9337 --CMA_rankmu 0.5178 --CMA_rankone 0.4887 --CSA_dampfac 500.9375 --popsize 985 --sigma 899772965.4495
== irace == The output was:

== irace == This is not a bug in irace, but means that something failed when running the command(s) above or they were terminated before completion. Try to run the command(s) above from the execution directory '/net/people/plgrid/plgosimon/inteligencja_obliczeniowa/Stock-Value-Prediction/irace' to investigate the issue. See also Appendix B (targetRunner troubleshooting checklist) of the User Guide (https://cran.r-project.org/package=irace/vignettes/irace-package.pdf).
Execution halted
Runtime: 32 seconds
